{"C:\\My\\code\\RSS\\CRUD_API\\simple-crud-api\\src\\index.js": {"path":"C:\\My\\code\\RSS\\CRUD_API\\simple-crud-api\\src\\index.js","statementMap":{"0":{"start":{"line":1,"column":0},"end":{"line":1,"column":27}},"1":{"start":{"line":2,"column":13},"end":{"line":2,"column":28}},"2":{"start":{"line":3,"column":22},"end":{"line":3,"column":58}},"3":{"start":{"line":4,"column":30},"end":{"line":4,"column":74}},"4":{"start":{"line":5,"column":20},"end":{"line":5,"column":54}},"5":{"start":{"line":7,"column":16},"end":{"line":7,"column":18}},"6":{"start":{"line":9,"column":15},"end":{"line":118,"column":2}},"7":{"start":{"line":10,"column":2},"end":{"line":10,"column":52}},"8":{"start":{"line":11,"column":2},"end":{"line":11,"column":48}},"9":{"start":{"line":13,"column":2},"end":{"line":117,"column":3}},"10":{"start":{"line":14,"column":4},"end":{"line":23,"column":5}},"11":{"start":{"line":15,"column":6},"end":{"line":19,"column":8}},"12":{"start":{"line":21,"column":6},"end":{"line":21,"column":50}},"13":{"start":{"line":22,"column":6},"end":{"line":22,"column":42}},"14":{"start":{"line":24,"column":9},"end":{"line":117,"column":3}},"15":{"start":{"line":25,"column":4},"end":{"line":46,"column":5}},"16":{"start":{"line":26,"column":17},"end":{"line":26,"column":19}},"17":{"start":{"line":27,"column":6},"end":{"line":29,"column":9}},"18":{"start":{"line":28,"column":8},"end":{"line":28,"column":22}},"19":{"start":{"line":30,"column":6},"end":{"line":42,"column":9}},"20":{"start":{"line":31,"column":27},"end":{"line":31,"column":43}},"21":{"start":{"line":32,"column":8},"end":{"line":41,"column":9}},"22":{"start":{"line":33,"column":10},"end":{"line":33,"column":58}},"23":{"start":{"line":35,"column":10},"end":{"line":35,"column":54}},"24":{"start":{"line":36,"column":10},"end":{"line":40,"column":12}},"25":{"start":{"line":44,"column":6},"end":{"line":44,"column":50}},"26":{"start":{"line":45,"column":6},"end":{"line":45,"column":42}},"27":{"start":{"line":48,"column":4},"end":{"line":48,"column":32}},"28":{"start":{"line":49,"column":4},"end":{"line":116,"column":5}},"29":{"start":{"line":50,"column":6},"end":{"line":50,"column":50}},"30":{"start":{"line":51,"column":6},"end":{"line":51,"column":45}},"31":{"start":{"line":53,"column":23},"end":{"line":53,"column":35}},"32":{"start":{"line":55,"column":8},"end":{"line":55,"column":85}},"33":{"start":{"line":56,"column":29},"end":{"line":56,"column":77}},"34":{"start":{"line":56,"column":54},"end":{"line":56,"column":76}},"35":{"start":{"line":57,"column":6},"end":{"line":115,"column":7}},"36":{"start":{"line":58,"column":8},"end":{"line":58,"column":52}},"37":{"start":{"line":59,"column":8},"end":{"line":59,"column":71}},"38":{"start":{"line":60,"column":13},"end":{"line":115,"column":7}},"39":{"start":{"line":61,"column":8},"end":{"line":61,"column":52}},"40":{"start":{"line":62,"column":8},"end":{"line":62,"column":76}},"41":{"start":{"line":64,"column":8},"end":{"line":114,"column":9}},"42":{"start":{"line":65,"column":10},"end":{"line":69,"column":12}},"43":{"start":{"line":70,"column":15},"end":{"line":114,"column":9}},"44":{"start":{"line":71,"column":21},"end":{"line":71,"column":23}},"45":{"start":{"line":72,"column":10},"end":{"line":74,"column":13}},"46":{"start":{"line":73,"column":12},"end":{"line":73,"column":26}},"47":{"start":{"line":75,"column":10},"end":{"line":94,"column":13}},"48":{"start":{"line":76,"column":34},"end":{"line":76,"column":50}},"49":{"start":{"line":77,"column":12},"end":{"line":93,"column":13}},"50":{"start":{"line":78,"column":14},"end":{"line":80,"column":15}},"51":{"start":{"line":79,"column":16},"end":{"line":79,"column":57}},"52":{"start":{"line":81,"column":14},"end":{"line":85,"column":16}},"53":{"start":{"line":87,"column":14},"end":{"line":87,"column":58}},"54":{"start":{"line":88,"column":14},"end":{"line":92,"column":16}},"55":{"start":{"line":95,"column":15},"end":{"line":114,"column":9}},"56":{"start":{"line":99,"column":24},"end":{"line":99,"column":77}},"57":{"start":{"line":99,"column":54},"end":{"line":99,"column":76}},"58":{"start":{"line":100,"column":10},"end":{"line":100,"column":35}},"59":{"start":{"line":101,"column":10},"end":{"line":101,"column":54}},"60":{"start":{"line":102,"column":10},"end":{"line":106,"column":12}},"61":{"start":{"line":108,"column":10},"end":{"line":108,"column":54}},"62":{"start":{"line":109,"column":10},"end":{"line":113,"column":12}},"63":{"start":{"line":120,"column":13},"end":{"line":120,"column":37}},"64":{"start":{"line":122,"column":0},"end":{"line":124,"column":3}},"65":{"start":{"line":123,"column":2},"end":{"line":123,"column":48}},"66":{"start":{"line":126,"column":0},"end":{"line":126,"column":24}}},"fnMap":{"0":{"name":"(anonymous_0)","decl":{"start":{"line":9,"column":33},"end":{"line":9,"column":34}},"loc":{"start":{"line":9,"column":47},"end":{"line":118,"column":1}},"line":9},"1":{"name":"(anonymous_1)","decl":{"start":{"line":27,"column":21},"end":{"line":27,"column":22}},"loc":{"start":{"line":27,"column":32},"end":{"line":29,"column":7}},"line":27},"2":{"name":"(anonymous_2)","decl":{"start":{"line":30,"column":20},"end":{"line":30,"column":21}},"loc":{"start":{"line":30,"column":32},"end":{"line":42,"column":7}},"line":30},"3":{"name":"(anonymous_3)","decl":{"start":{"line":56,"column":42},"end":{"line":56,"column":43}},"loc":{"start":{"line":56,"column":54},"end":{"line":56,"column":76}},"line":56},"4":{"name":"(anonymous_4)","decl":{"start":{"line":72,"column":25},"end":{"line":72,"column":26}},"loc":{"start":{"line":72,"column":36},"end":{"line":74,"column":11}},"line":72},"5":{"name":"(anonymous_5)","decl":{"start":{"line":75,"column":24},"end":{"line":75,"column":25}},"loc":{"start":{"line":75,"column":36},"end":{"line":94,"column":11}},"line":75},"6":{"name":"(anonymous_6)","decl":{"start":{"line":99,"column":42},"end":{"line":99,"column":43}},"loc":{"start":{"line":99,"column":54},"end":{"line":99,"column":76}},"line":99},"7":{"name":"(anonymous_7)","decl":{"start":{"line":122,"column":20},"end":{"line":122,"column":21}},"loc":{"start":{"line":122,"column":26},"end":{"line":124,"column":1}},"line":122}},"branchMap":{"0":{"loc":{"start":{"line":13,"column":2},"end":{"line":117,"column":3}},"type":"if","locations":[{"start":{"line":13,"column":2},"end":{"line":117,"column":3}},{"start":{"line":24,"column":9},"end":{"line":117,"column":3}}],"line":13},"1":{"loc":{"start":{"line":13,"column":6},"end":{"line":13,"column":51}},"type":"binary-expr","locations":[{"start":{"line":13,"column":6},"end":{"line":13,"column":27}},{"start":{"line":13,"column":31},"end":{"line":13,"column":51}}],"line":13},"2":{"loc":{"start":{"line":24,"column":9},"end":{"line":117,"column":3}},"type":"if","locations":[{"start":{"line":24,"column":9},"end":{"line":117,"column":3}},{"start":{"line":47,"column":9},"end":{"line":117,"column":3}}],"line":24},"3":{"loc":{"start":{"line":24,"column":13},"end":{"line":24,"column":59}},"type":"binary-expr","locations":[{"start":{"line":24,"column":13},"end":{"line":24,"column":34}},{"start":{"line":24,"column":38},"end":{"line":24,"column":59}}],"line":24},"4":{"loc":{"start":{"line":32,"column":8},"end":{"line":41,"column":9}},"type":"if","locations":[{"start":{"line":32,"column":8},"end":{"line":41,"column":9}},{"start":{"line":34,"column":15},"end":{"line":41,"column":9}}],"line":32},"5":{"loc":{"start":{"line":49,"column":4},"end":{"line":116,"column":5}},"type":"if","locations":[{"start":{"line":49,"column":4},"end":{"line":116,"column":5}},{"start":{"line":52,"column":11},"end":{"line":116,"column":5}}],"line":49},"6":{"loc":{"start":{"line":49,"column":7},"end":{"line":49,"column":49}},"type":"binary-expr","locations":[{"start":{"line":49,"column":7},"end":{"line":49,"column":24}},{"start":{"line":49,"column":28},"end":{"line":49,"column":49}}],"line":49},"7":{"loc":{"start":{"line":57,"column":6},"end":{"line":115,"column":7}},"type":"if","locations":[{"start":{"line":57,"column":6},"end":{"line":115,"column":7}},{"start":{"line":60,"column":13},"end":{"line":115,"column":7}}],"line":57},"8":{"loc":{"start":{"line":60,"column":13},"end":{"line":115,"column":7}},"type":"if","locations":[{"start":{"line":60,"column":13},"end":{"line":115,"column":7}},{"start":{"line":63,"column":13},"end":{"line":115,"column":7}}],"line":60},"9":{"loc":{"start":{"line":64,"column":8},"end":{"line":114,"column":9}},"type":"if","locations":[{"start":{"line":64,"column":8},"end":{"line":114,"column":9}},{"start":{"line":70,"column":15},"end":{"line":114,"column":9}}],"line":64},"10":{"loc":{"start":{"line":64,"column":12},"end":{"line":64,"column":69}},"type":"binary-expr","locations":[{"start":{"line":64,"column":12},"end":{"line":64,"column":45}},{"start":{"line":64,"column":49},"end":{"line":64,"column":69}}],"line":64},"11":{"loc":{"start":{"line":70,"column":15},"end":{"line":114,"column":9}},"type":"if","locations":[{"start":{"line":70,"column":15},"end":{"line":114,"column":9}},{"start":{"line":95,"column":15},"end":{"line":114,"column":9}}],"line":70},"12":{"loc":{"start":{"line":70,"column":19},"end":{"line":70,"column":76}},"type":"binary-expr","locations":[{"start":{"line":70,"column":19},"end":{"line":70,"column":52}},{"start":{"line":70,"column":56},"end":{"line":70,"column":76}}],"line":70},"13":{"loc":{"start":{"line":77,"column":12},"end":{"line":93,"column":13}},"type":"if","locations":[{"start":{"line":77,"column":12},"end":{"line":93,"column":13}},{"start":{"line":86,"column":19},"end":{"line":93,"column":13}}],"line":77},"14":{"loc":{"start":{"line":95,"column":15},"end":{"line":114,"column":9}},"type":"if","locations":[{"start":{"line":95,"column":15},"end":{"line":114,"column":9}},{"start":{"line":107,"column":15},"end":{"line":114,"column":9}}],"line":95},"15":{"loc":{"start":{"line":96,"column":10},"end":{"line":97,"column":33}},"type":"binary-expr","locations":[{"start":{"line":96,"column":10},"end":{"line":96,"column":43}},{"start":{"line":97,"column":10},"end":{"line":97,"column":33}}],"line":96},"16":{"loc":{"start":{"line":120,"column":13},"end":{"line":120,"column":37}},"type":"binary-expr","locations":[{"start":{"line":120,"column":13},"end":{"line":120,"column":29}},{"start":{"line":120,"column":33},"end":{"line":120,"column":37}}],"line":120}},"s":{"0":1,"1":1,"2":1,"3":1,"4":1,"5":1,"6":1,"7":8,"8":8,"9":8,"10":1,"11":1,"12":0,"13":0,"14":7,"15":1,"16":1,"17":1,"18":1,"19":1,"20":1,"21":1,"22":1,"23":0,"24":0,"25":0,"26":0,"27":6,"28":6,"29":1,"30":1,"31":5,"32":5,"33":5,"34":3,"35":5,"36":1,"37":1,"38":4,"39":1,"40":1,"41":3,"42":1,"43":2,"44":1,"45":1,"46":1,"47":1,"48":1,"49":1,"50":1,"51":3,"52":1,"53":0,"54":0,"55":1,"56":1,"57":1,"58":1,"59":1,"60":1,"61":0,"62":0,"63":1,"64":1,"65":1,"66":1},"f":{"0":8,"1":1,"2":1,"3":3,"4":1,"5":1,"6":1,"7":1},"b":{"0":[1,7],"1":[8,2],"2":[1,6],"3":[7,1],"4":[1,0],"5":[1,5],"6":[6,6],"7":[1,4],"8":[1,3],"9":[1,2],"10":[3,3],"11":[1,1],"12":[2,2],"13":[1,0],"14":[1,0],"15":[1,1],"16":[1,0]},"_coverageSchema":"1a1c01bbd47fc00a2c39e90264f33305004495a9","hash":"8d1d9a14586bb6f2d1b30b71983f6068a42ae7ee"}
,"C:\\My\\code\\RSS\\CRUD_API\\simple-crud-api\\src\\functions\\addNewPersonAndSendIt.js": {"path":"C:\\My\\code\\RSS\\CRUD_API\\simple-crud-api\\src\\functions\\addNewPersonAndSendIt.js","statementMap":{"0":{"start":{"line":1,"column":23},"end":{"line":1,"column":38}},"1":{"start":{"line":2,"column":20},"end":{"line":2,"column":44}},"2":{"start":{"line":5,"column":20},"end":{"line":8,"column":3}},"3":{"start":{"line":9,"column":2},"end":{"line":9,"column":26}},"4":{"start":{"line":10,"column":2},"end":{"line":14,"column":4}},"5":{"start":{"line":16,"column":1},"end":{"line":16,"column":40}}},"fnMap":{"0":{"name":"addNewPersonAndSendIt","decl":{"start":{"line":4,"column":9},"end":{"line":4,"column":30}},"loc":{"start":{"line":4,"column":57},"end":{"line":15,"column":1}},"line":4}},"branchMap":{},"s":{"0":1,"1":1,"2":1,"3":1,"4":1,"5":1},"f":{"0":1},"b":{},"_coverageSchema":"1a1c01bbd47fc00a2c39e90264f33305004495a9","hash":"40fed87a64d37d6e6d04ef7c9fe00cd878c15cda"}
,"C:\\My\\code\\RSS\\CRUD_API\\simple-crud-api\\src\\functions\\isFieldsValid.js": {"path":"C:\\My\\code\\RSS\\CRUD_API\\simple-crud-api\\src\\functions\\isFieldsValid.js","statementMap":{"0":{"start":{"line":2,"column":2},"end":{"line":11,"column":3}},"1":{"start":{"line":10,"column":4},"end":{"line":10,"column":17}},"2":{"start":{"line":12,"column":2},"end":{"line":12,"column":14}},"3":{"start":{"line":15,"column":0},"end":{"line":15,"column":31}}},"fnMap":{"0":{"name":"isFieldsValid","decl":{"start":{"line":1,"column":9},"end":{"line":1,"column":22}},"loc":{"start":{"line":1,"column":35},"end":{"line":13,"column":1}},"line":1}},"branchMap":{"0":{"loc":{"start":{"line":2,"column":2},"end":{"line":11,"column":3}},"type":"if","locations":[{"start":{"line":2,"column":2},"end":{"line":11,"column":3}},{"start":{},"end":{}}],"line":2},"1":{"loc":{"start":{"line":3,"column":4},"end":{"line":8,"column":38}},"type":"binary-expr","locations":[{"start":{"line":3,"column":4},"end":{"line":3,"column":20}},{"start":{"line":4,"column":4},"end":{"line":4,"column":39}},{"start":{"line":5,"column":4},"end":{"line":5,"column":19}},{"start":{"line":6,"column":4},"end":{"line":6,"column":38}},{"start":{"line":7,"column":4},"end":{"line":7,"column":23}},{"start":{"line":8,"column":4},"end":{"line":8,"column":38}}],"line":3}},"s":{"0":2,"1":0,"2":2,"3":1},"f":{"0":2},"b":{"0":[0,2],"1":[2,2,2,2,2,2]},"_coverageSchema":"1a1c01bbd47fc00a2c39e90264f33305004495a9","hash":"3abfa8f800ee5503ed22bc952e5daa37261b8473"}
,"C:\\My\\code\\RSS\\CRUD_API\\simple-crud-api\\src\\functions\\sendMessage.js": {"path":"C:\\My\\code\\RSS\\CRUD_API\\simple-crud-api\\src\\functions\\sendMessage.js","statementMap":{"0":{"start":{"line":2,"column":2},"end":{"line":2,"column":30}},"1":{"start":{"line":3,"column":2},"end":{"line":3,"column":17}},"2":{"start":{"line":4,"column":2},"end":{"line":4,"column":12}},"3":{"start":{"line":7,"column":0},"end":{"line":7,"column":29}}},"fnMap":{"0":{"name":"sendMessage","decl":{"start":{"line":1,"column":9},"end":{"line":1,"column":20}},"loc":{"start":{"line":1,"column":43},"end":{"line":5,"column":1}},"line":1}},"branchMap":{},"s":{"0":8,"1":8,"2":8,"3":1},"f":{"0":8},"b":{},"_coverageSchema":"1a1c01bbd47fc00a2c39e90264f33305004495a9","hash":"1922babcc7501908d2695537e0a48ee22ffd7442"}
}
