TN:
SF:src\index.js
FN:9,(anonymous_0)
FN:27,(anonymous_1)
FN:30,(anonymous_2)
FN:56,(anonymous_3)
FN:72,(anonymous_4)
FN:75,(anonymous_5)
FN:99,(anonymous_6)
FN:122,(anonymous_7)
FNF:8
FNH:8
FNDA:8,(anonymous_0)
FNDA:1,(anonymous_1)
FNDA:1,(anonymous_2)
FNDA:3,(anonymous_3)
FNDA:1,(anonymous_4)
FNDA:1,(anonymous_5)
FNDA:1,(anonymous_6)
FNDA:1,(anonymous_7)
DA:1,1
DA:2,1
DA:3,1
DA:4,1
DA:5,1
DA:7,1
DA:9,1
DA:10,8
DA:11,8
DA:13,8
DA:14,1
DA:15,1
DA:21,0
DA:22,0
DA:24,7
DA:25,1
DA:26,1
DA:27,1
DA:28,1
DA:30,1
DA:31,1
DA:32,1
DA:33,1
DA:35,0
DA:36,0
DA:44,0
DA:45,0
DA:48,6
DA:49,6
DA:50,1
DA:51,1
DA:53,5
DA:55,5
DA:56,5
DA:57,5
DA:58,1
DA:59,1
DA:60,4
DA:61,1
DA:62,1
DA:64,3
DA:65,1
DA:70,2
DA:71,1
DA:72,1
DA:73,1
DA:75,1
DA:76,1
DA:77,1
DA:78,1
DA:79,3
DA:81,1
DA:87,0
DA:88,0
DA:95,1
DA:99,1
DA:100,1
DA:101,1
DA:102,1
DA:108,0
DA:109,0
DA:120,1
DA:122,1
DA:123,1
DA:126,1
LF:65
LH:55
BRDA:13,0,0,1
BRDA:13,0,1,7
BRDA:13,1,0,8
BRDA:13,1,1,2
BRDA:24,2,0,1
BRDA:24,2,1,6
BRDA:24,3,0,7
BRDA:24,3,1,1
BRDA:32,4,0,1
BRDA:32,4,1,0
BRDA:49,5,0,1
BRDA:49,5,1,5
BRDA:49,6,0,6
BRDA:49,6,1,6
BRDA:57,7,0,1
BRDA:57,7,1,4
BRDA:60,8,0,1
BRDA:60,8,1,3
BRDA:64,9,0,1
BRDA:64,9,1,2
BRDA:64,10,0,3
BRDA:64,10,1,3
BRDA:70,11,0,1
BRDA:70,11,1,1
BRDA:70,12,0,2
BRDA:70,12,1,2
BRDA:77,13,0,1
BRDA:77,13,1,0
BRDA:95,14,0,1
BRDA:95,14,1,0
BRDA:96,15,0,1
BRDA:96,15,1,1
BRDA:120,16,0,1
BRDA:120,16,1,0
BRF:34
BRH:30
end_of_record
TN:
SF:src\functions\addNewPersonAndSendIt.js
FN:4,addNewPersonAndSendIt
FNF:1
FNH:1
FNDA:1,addNewPersonAndSendIt
DA:1,1
DA:2,1
DA:5,1
DA:9,1
DA:10,1
DA:16,1
LF:6
LH:6
BRF:0
BRH:0
end_of_record
TN:
SF:src\functions\isFieldsValid.js
FN:1,isFieldsValid
FNF:1
FNH:1
FNDA:2,isFieldsValid
DA:2,2
DA:10,0
DA:12,2
DA:15,1
LF:4
LH:3
BRDA:2,0,0,0
BRDA:2,0,1,2
BRDA:3,1,0,2
BRDA:3,1,1,2
BRDA:3,1,2,2
BRDA:3,1,3,2
BRDA:3,1,4,2
BRDA:3,1,5,2
BRF:8
BRH:7
end_of_record
TN:
SF:src\functions\sendMessage.js
FN:1,sendMessage
FNF:1
FNH:1
FNDA:8,sendMessage
DA:2,8
DA:3,8
DA:4,8
DA:7,1
LF:4
LH:4
BRF:0
BRH:0
end_of_record
